<?xml version="1.0" encoding="UTF-8"?>
<!-- Generated by org.testng.reporters.JUnitReportReporter -->
<testsuite hostname="FR" failures="0" tests="1" name="piit.AutomationTrainingProgram.Singout" time="0.006" errors="0" timestamp="2022-05-05T03:08:14 EDT" skipped="0">
  <testcase classname="piit.AutomationTrainingProgram.Singout" name="f" time="0.006"/>
  <system-out/>
</testsuite> <!-- piit.AutomationTrainingProgram.Singout -->
